[2024-03-10T04:35:45.261+0000] {manager.py:469} INFO - Processing files using up to 2 processes at a time 
[2024-03-10T04:35:45.262+0000] {manager.py:470} INFO - Process each file at most once every 30 seconds
[2024-03-10T04:35:45.262+0000] {manager.py:471} INFO - Checking for new files in /opt/airflow/dags every 300 seconds
[2024-03-10T04:35:45.262+0000] {manager.py:738} INFO - Searching for files in /opt/airflow/dags
[2024-03-10T04:35:45.271+0000] {manager.py:741} INFO - There are 1 files in /opt/airflow/dags
[2024-03-10T04:35:45.421+0000] {manager.py:879} INFO - 
================================================================================
DAG File Processing Stats

File Path                    PID  Runtime      # DAGs    # Errors  Last Runtime    Last Run
-------------------------  -----  ---------  --------  ----------  --------------  ----------
/opt/airflow/dags/test.py     35  0.06s             0           0
================================================================================
[2024-03-10T04:36:15.579+0000] {manager.py:879} INFO - 
================================================================================
DAG File Processing Stats

File Path                  PID    Runtime      # DAGs    # Errors  Last Runtime    Last Run
-------------------------  -----  ---------  --------  ----------  --------------  -------------------
/opt/airflow/dags/test.py                           1           0  0.36s           2024-03-10T04:35:45
================================================================================
[2024-03-10T04:36:46.060+0000] {manager.py:879} INFO - 
================================================================================
DAG File Processing Stats

File Path                    PID  Runtime      # DAGs    # Errors  Last Runtime    Last Run
-------------------------  -----  ---------  --------  ----------  --------------  -------------------
/opt/airflow/dags/test.py     49  0.01s             1           0  0.11s           2024-03-10T04:36:15
================================================================================
[2024-03-10T04:37:16.357+0000] {manager.py:879} INFO - 
================================================================================
DAG File Processing Stats

File Path                  PID    Runtime      # DAGs    # Errors  Last Runtime    Last Run
-------------------------  -----  ---------  --------  ----------  --------------  -------------------
/opt/airflow/dags/test.py                           1           0  0.21s           2024-03-10T04:36:47
================================================================================
[2024-03-10T04:37:46.697+0000] {manager.py:879} INFO - 
================================================================================
DAG File Processing Stats

File Path                  PID    Runtime      # DAGs    # Errors  Last Runtime    Last Run
-------------------------  -----  ---------  --------  ----------  --------------  -------------------
/opt/airflow/dags/test.py                           1           0  0.13s           2024-03-10T04:37:17
================================================================================
[2024-03-10T04:38:16.906+0000] {manager.py:879} INFO - 
================================================================================
DAG File Processing Stats

File Path                  PID    Runtime      # DAGs    # Errors  Last Runtime    Last Run
-------------------------  -----  ---------  --------  ----------  --------------  -------------------
/opt/airflow/dags/test.py                           1           0  0.15s           2024-03-10T04:37:47
================================================================================
[2024-03-10T04:38:47.101+0000] {manager.py:879} INFO - 
================================================================================
DAG File Processing Stats

File Path                  PID    Runtime      # DAGs    # Errors  Last Runtime    Last Run
-------------------------  -----  ---------  --------  ----------  --------------  -------------------
/opt/airflow/dags/test.py                           1           0  0.08s           2024-03-10T04:38:17
================================================================================
[2024-03-10T04:39:17.326+0000] {manager.py:879} INFO - 
================================================================================
DAG File Processing Stats

File Path                  PID    Runtime      # DAGs    # Errors  Last Runtime    Last Run
-------------------------  -----  ---------  --------  ----------  --------------  -------------------
/opt/airflow/dags/test.py                           1           0  0.09s           2024-03-10T04:38:48
================================================================================
[2024-03-10T04:39:47.566+0000] {manager.py:879} INFO - 
================================================================================
DAG File Processing Stats

File Path                  PID    Runtime      # DAGs    # Errors  Last Runtime    Last Run
-------------------------  -----  ---------  --------  ----------  --------------  -------------------
/opt/airflow/dags/test.py                           1           0  0.09s           2024-03-10T04:39:18
================================================================================
[2024-03-10T04:40:17.727+0000] {manager.py:879} INFO - 
================================================================================
DAG File Processing Stats

File Path                  PID    Runtime      # DAGs    # Errors  Last Runtime    Last Run
-------------------------  -----  ---------  --------  ----------  --------------  -------------------
/opt/airflow/dags/test.py                           1           0  0.20s           2024-03-10T04:39:48
================================================================================
[2024-03-10T04:40:46.095+0000] {manager.py:738} INFO - Searching for files in /opt/airflow/dags
[2024-03-10T04:40:46.100+0000] {manager.py:741} INFO - There are 1 files in /opt/airflow/dags
[2024-03-10T04:40:48.143+0000] {manager.py:879} INFO - 
================================================================================
DAG File Processing Stats

File Path                  PID    Runtime      # DAGs    # Errors  Last Runtime    Last Run
-------------------------  -----  ---------  --------  ----------  --------------  -------------------
/opt/airflow/dags/test.py                           1           0  0.10s           2024-03-10T04:40:19
================================================================================
[2024-03-10T04:41:18.373+0000] {manager.py:879} INFO - 
================================================================================
DAG File Processing Stats

File Path                  PID    Runtime      # DAGs    # Errors  Last Runtime    Last Run
-------------------------  -----  ---------  --------  ----------  --------------  -------------------
/opt/airflow/dags/test.py                           1           0  0.14s           2024-03-10T04:40:49
================================================================================
[2024-03-10T04:41:48.648+0000] {manager.py:879} INFO - 
================================================================================
DAG File Processing Stats

File Path                  PID    Runtime      # DAGs    # Errors  Last Runtime    Last Run
-------------------------  -----  ---------  --------  ----------  --------------  -------------------
/opt/airflow/dags/test.py                           1           0  0.09s           2024-03-10T04:41:19
================================================================================
[2024-03-10T04:42:18.855+0000] {manager.py:879} INFO - 
================================================================================
DAG File Processing Stats

File Path                  PID    Runtime      # DAGs    # Errors  Last Runtime    Last Run
-------------------------  -----  ---------  --------  ----------  --------------  -------------------
/opt/airflow/dags/test.py                           1           0  0.14s           2024-03-10T04:41:49
================================================================================
[2024-03-10T04:42:49.025+0000] {manager.py:879} INFO - 
================================================================================
DAG File Processing Stats

File Path                  PID    Runtime      # DAGs    # Errors  Last Runtime    Last Run
-------------------------  -----  ---------  --------  ----------  --------------  -------------------
/opt/airflow/dags/test.py                           1           0  0.10s           2024-03-10T04:42:19
================================================================================
[2024-03-10T04:43:19.320+0000] {manager.py:879} INFO - 
================================================================================
DAG File Processing Stats

File Path                  PID    Runtime      # DAGs    # Errors  Last Runtime    Last Run
-------------------------  -----  ---------  --------  ----------  --------------  -------------------
/opt/airflow/dags/test.py                           1           0  0.10s           2024-03-10T04:42:50
================================================================================
[2024-03-10T04:43:49.518+0000] {manager.py:879} INFO - 
================================================================================
DAG File Processing Stats

File Path                  PID    Runtime      # DAGs    # Errors  Last Runtime    Last Run
-------------------------  -----  ---------  --------  ----------  --------------  -------------------
/opt/airflow/dags/test.py                           1           0  0.09s           2024-03-10T04:43:20
================================================================================
[2024-03-10T04:44:19.748+0000] {manager.py:879} INFO - 
================================================================================
DAG File Processing Stats

File Path                  PID    Runtime      # DAGs    # Errors  Last Runtime    Last Run
-------------------------  -----  ---------  --------  ----------  --------------  -------------------
/opt/airflow/dags/test.py                           1           0  0.17s           2024-03-10T04:43:50
================================================================================
[2024-03-10T04:44:50.022+0000] {manager.py:879} INFO - 
================================================================================
DAG File Processing Stats

File Path                  PID    Runtime      # DAGs    # Errors  Last Runtime    Last Run
-------------------------  -----  ---------  --------  ----------  --------------  -------------------
/opt/airflow/dags/test.py                           1           0  0.10s           2024-03-10T04:44:20
================================================================================
[2024-03-10T04:45:20.246+0000] {manager.py:879} INFO - 
================================================================================
DAG File Processing Stats

File Path                  PID    Runtime      # DAGs    # Errors  Last Runtime    Last Run
-------------------------  -----  ---------  --------  ----------  --------------  -------------------
/opt/airflow/dags/test.py                           0           1  0.04s           2024-03-10T04:45:09
================================================================================
[2024-03-10T04:45:46.413+0000] {manager.py:738} INFO - Searching for files in /opt/airflow/dags
[2024-03-10T04:45:46.419+0000] {manager.py:741} INFO - There are 1 files in /opt/airflow/dags
[2024-03-10T04:45:50.477+0000] {manager.py:879} INFO - 
================================================================================
DAG File Processing Stats

File Path                  PID    Runtime      # DAGs    # Errors  Last Runtime    Last Run
-------------------------  -----  ---------  --------  ----------  --------------  -------------------
/opt/airflow/dags/test.py                           0           1  0.08s           2024-03-10T04:45:39
================================================================================
[2024-03-10T04:46:20.696+0000] {manager.py:879} INFO - 
================================================================================
DAG File Processing Stats

File Path                  PID    Runtime      # DAGs    # Errors  Last Runtime    Last Run
-------------------------  -----  ---------  --------  ----------  --------------  -------------------
/opt/airflow/dags/test.py                           0           1  0.25s           2024-03-10T04:46:09
================================================================================
[2024-03-10T04:46:51.173+0000] {manager.py:879} INFO - 
================================================================================
DAG File Processing Stats

File Path                  PID    Runtime      # DAGs    # Errors  Last Runtime    Last Run
-------------------------  -----  ---------  --------  ----------  --------------  -------------------
/opt/airflow/dags/test.py                           0           1  0.08s           2024-03-10T04:46:40
================================================================================
[2024-03-10T04:47:21.379+0000] {manager.py:879} INFO - 
================================================================================
DAG File Processing Stats

File Path                  PID    Runtime      # DAGs    # Errors  Last Runtime    Last Run
-------------------------  -----  ---------  --------  ----------  --------------  -------------------
/opt/airflow/dags/test.py                           0           1  0.05s           2024-03-10T04:47:10
================================================================================
[2024-03-10T04:47:51.584+0000] {manager.py:879} INFO - 
================================================================================
DAG File Processing Stats

File Path                  PID    Runtime      # DAGs    # Errors  Last Runtime    Last Run
-------------------------  -----  ---------  --------  ----------  --------------  -------------------
/opt/airflow/dags/test.py                           0           1  0.13s           2024-03-10T04:47:40
================================================================================
[2024-03-10T04:48:21.857+0000] {manager.py:879} INFO - 
================================================================================
DAG File Processing Stats

File Path                  PID    Runtime      # DAGs    # Errors  Last Runtime    Last Run
-------------------------  -----  ---------  --------  ----------  --------------  -------------------
/opt/airflow/dags/test.py                           0           1  0.08s           2024-03-10T04:48:10
================================================================================
[2024-03-10T04:48:52.063+0000] {manager.py:879} INFO - 
================================================================================
DAG File Processing Stats

File Path                  PID    Runtime      # DAGs    # Errors  Last Runtime    Last Run
-------------------------  -----  ---------  --------  ----------  --------------  -------------------
/opt/airflow/dags/test.py                           0           1  0.08s           2024-03-10T04:48:41
================================================================================
[2024-03-10T04:49:22.301+0000] {manager.py:879} INFO - 
================================================================================
DAG File Processing Stats

File Path                  PID    Runtime      # DAGs    # Errors  Last Runtime    Last Run
-------------------------  -----  ---------  --------  ----------  --------------  -------------------
/opt/airflow/dags/test.py                           0           1  0.14s           2024-03-10T04:49:11
================================================================================
[2024-03-10T04:49:52.558+0000] {manager.py:879} INFO - 
================================================================================
DAG File Processing Stats

File Path                  PID    Runtime      # DAGs    # Errors  Last Runtime    Last Run
-------------------------  -----  ---------  --------  ----------  --------------  -------------------
/opt/airflow/dags/test.py                           0           1  0.08s           2024-03-10T04:49:41
================================================================================
[2024-03-10T04:50:09.175+0000] {manager.py:451} INFO - Exiting gracefully upon receiving signal 15
[2024-03-10T04:50:25.989+0000] {manager.py:469} INFO - Processing files using up to 2 processes at a time 
[2024-03-10T04:50:25.996+0000] {manager.py:470} INFO - Process each file at most once every 30 seconds
[2024-03-10T04:50:25.996+0000] {manager.py:471} INFO - Checking for new files in /opt/airflow/dags every 300 seconds
[2024-03-10T04:50:25.996+0000] {manager.py:738} INFO - Searching for files in /opt/airflow/dags
[2024-03-10T04:50:25.997+0000] {manager.py:741} INFO - There are 1 files in /opt/airflow/dags
[2024-03-10T04:50:26.074+0000] {manager.py:879} INFO - 
================================================================================
DAG File Processing Stats

File Path                    PID  Runtime      # DAGs    # Errors  Last Runtime    Last Run
-------------------------  -----  ---------  --------  ----------  --------------  ----------
/opt/airflow/dags/test.py     35  0.02s             0           0
================================================================================
[2024-03-10T04:50:56.247+0000] {manager.py:879} INFO - 
================================================================================
DAG File Processing Stats

File Path                  PID    Runtime      # DAGs    # Errors  Last Runtime    Last Run
-------------------------  -----  ---------  --------  ----------  --------------  -------------------
/opt/airflow/dags/test.py                           1           0  0.31s           2024-03-10T04:50:26
================================================================================
[2024-03-10T04:51:26.762+0000] {manager.py:879} INFO - 
================================================================================
DAG File Processing Stats

File Path                    PID  Runtime      # DAGs    # Errors  Last Runtime    Last Run
-------------------------  -----  ---------  --------  ----------  --------------  -------------------
/opt/airflow/dags/test.py     49  0.01s             1           0  0.18s           2024-03-10T04:50:56
================================================================================
[2024-03-10T04:51:57.067+0000] {manager.py:879} INFO - 
================================================================================
DAG File Processing Stats

File Path                    PID  Runtime      # DAGs    # Errors  Last Runtime    Last Run
-------------------------  -----  ---------  --------  ----------  --------------  -------------------
/opt/airflow/dags/test.py     56  0.01s             1           0  0.18s           2024-03-10T04:51:26
================================================================================
[2024-03-10T04:52:27.286+0000] {manager.py:879} INFO - 
================================================================================
DAG File Processing Stats

File Path                    PID  Runtime      # DAGs    # Errors  Last Runtime    Last Run
-------------------------  -----  ---------  --------  ----------  --------------  -------------------
/opt/airflow/dags/test.py     63  0.01s             1           0  0.19s           2024-03-10T04:51:57
================================================================================
[2024-03-10T04:52:57.485+0000] {manager.py:879} INFO - 
================================================================================
DAG File Processing Stats

File Path                    PID  Runtime      # DAGs    # Errors  Last Runtime    Last Run
-------------------------  -----  ---------  --------  ----------  --------------  -------------------
/opt/airflow/dags/test.py     70  0.01s             1           0  0.11s           2024-03-10T04:52:27
================================================================================
[2024-03-10T04:53:27.736+0000] {manager.py:879} INFO - 
================================================================================
DAG File Processing Stats

File Path                    PID  Runtime      # DAGs    # Errors  Last Runtime    Last Run
-------------------------  -----  ---------  --------  ----------  --------------  -------------------
/opt/airflow/dags/test.py     77  0.01s             1           0  0.16s           2024-03-10T04:52:57
================================================================================
[2024-03-10T04:53:58.058+0000] {manager.py:879} INFO - 
================================================================================
DAG File Processing Stats

File Path                  PID    Runtime      # DAGs    # Errors  Last Runtime    Last Run
-------------------------  -----  ---------  --------  ----------  --------------  -------------------
/opt/airflow/dags/test.py                           1           0  0.15s           2024-03-10T04:53:52
================================================================================
[2024-03-10T04:54:28.349+0000] {manager.py:879} INFO - 
================================================================================
DAG File Processing Stats

File Path                  PID    Runtime      # DAGs    # Errors  Last Runtime    Last Run
-------------------------  -----  ---------  --------  ----------  --------------  -------------------
/opt/airflow/dags/test.py                           1           0  0.17s           2024-03-10T04:54:22
================================================================================
[2024-03-10T04:54:58.520+0000] {manager.py:879} INFO - 
================================================================================
DAG File Processing Stats

File Path                  PID    Runtime      # DAGs    # Errors  Last Runtime    Last Run
-------------------------  -----  ---------  --------  ----------  --------------  -------------------
/opt/airflow/dags/test.py                           1           0  0.10s           2024-03-10T04:54:52
================================================================================
[2024-03-10T04:55:26.781+0000] {manager.py:738} INFO - Searching for files in /opt/airflow/dags
[2024-03-10T04:55:26.785+0000] {manager.py:741} INFO - There are 1 files in /opt/airflow/dags
[2024-03-10T04:55:28.811+0000] {manager.py:879} INFO - 
================================================================================
DAG File Processing Stats

File Path                  PID    Runtime      # DAGs    # Errors  Last Runtime    Last Run
-------------------------  -----  ---------  --------  ----------  --------------  -------------------
/opt/airflow/dags/test.py                           1           0  0.17s           2024-03-10T04:55:22
================================================================================
[2024-03-10T04:55:59.064+0000] {manager.py:879} INFO - 
================================================================================
DAG File Processing Stats

File Path                  PID    Runtime      # DAGs    # Errors  Last Runtime    Last Run
-------------------------  -----  ---------  --------  ----------  --------------  -------------------
/opt/airflow/dags/test.py                           1           0  0.17s           2024-03-10T04:55:53
================================================================================
[2024-03-10T04:56:29.326+0000] {manager.py:879} INFO - 
================================================================================
DAG File Processing Stats

File Path                  PID    Runtime      # DAGs    # Errors  Last Runtime    Last Run
-------------------------  -----  ---------  --------  ----------  --------------  -------------------
/opt/airflow/dags/test.py                           1           0  0.22s           2024-03-10T04:56:23
================================================================================
[2024-03-10T04:56:59.524+0000] {manager.py:879} INFO - 
================================================================================
DAG File Processing Stats

File Path                  PID    Runtime      # DAGs    # Errors  Last Runtime    Last Run
-------------------------  -----  ---------  --------  ----------  --------------  -------------------
/opt/airflow/dags/test.py                           1           0  0.10s           2024-03-10T04:56:53
================================================================================
[2024-03-10T04:57:29.787+0000] {manager.py:879} INFO - 
================================================================================
DAG File Processing Stats

File Path                  PID    Runtime      # DAGs    # Errors  Last Runtime    Last Run
-------------------------  -----  ---------  --------  ----------  --------------  -------------------
/opt/airflow/dags/test.py                           1           0  0.15s           2024-03-10T04:57:23
================================================================================
[2024-03-10T04:58:00.011+0000] {manager.py:879} INFO - 
================================================================================
DAG File Processing Stats

File Path                  PID    Runtime      # DAGs    # Errors  Last Runtime    Last Run
-------------------------  -----  ---------  --------  ----------  --------------  -------------------
/opt/airflow/dags/test.py                           1           0  0.15s           2024-03-10T04:57:54
================================================================================
[2024-03-10T04:58:30.248+0000] {manager.py:879} INFO - 
================================================================================
DAG File Processing Stats

File Path                  PID    Runtime      # DAGs    # Errors  Last Runtime    Last Run
-------------------------  -----  ---------  --------  ----------  --------------  -------------------
/opt/airflow/dags/test.py                           1           0  0.11s           2024-03-10T04:58:24
================================================================================
[2024-03-10T04:59:00.458+0000] {manager.py:879} INFO - 
================================================================================
DAG File Processing Stats

File Path                  PID    Runtime      # DAGs    # Errors  Last Runtime    Last Run
-------------------------  -----  ---------  --------  ----------  --------------  -------------------
/opt/airflow/dags/test.py                           1           0  0.15s           2024-03-10T04:58:54
================================================================================
[2024-03-10T04:59:30.714+0000] {manager.py:879} INFO - 
================================================================================
DAG File Processing Stats

File Path                  PID    Runtime      # DAGs    # Errors  Last Runtime    Last Run
-------------------------  -----  ---------  --------  ----------  --------------  -------------------
/opt/airflow/dags/test.py                           1           0  0.11s           2024-03-10T04:59:24
================================================================================
[2024-03-10T05:00:00.940+0000] {manager.py:879} INFO - 
================================================================================
DAG File Processing Stats

File Path                  PID    Runtime      # DAGs    # Errors  Last Runtime    Last Run
-------------------------  -----  ---------  --------  ----------  --------------  -------------------
/opt/airflow/dags/test.py                           1           0  0.14s           2024-03-10T04:59:55
================================================================================
[2024-03-10T05:00:27.156+0000] {manager.py:738} INFO - Searching for files in /opt/airflow/dags
[2024-03-10T05:00:27.157+0000] {manager.py:741} INFO - There are 1 files in /opt/airflow/dags
[2024-03-10T05:00:31.249+0000] {manager.py:879} INFO - 
================================================================================
DAG File Processing Stats

File Path                  PID    Runtime      # DAGs    # Errors  Last Runtime    Last Run
-------------------------  -----  ---------  --------  ----------  --------------  -------------------
/opt/airflow/dags/test.py                           0           1  0.08s           2024-03-10T05:00:28
================================================================================
[2024-03-10T05:01:01.443+0000] {manager.py:879} INFO - 
================================================================================
DAG File Processing Stats

File Path                  PID    Runtime      # DAGs    # Errors  Last Runtime    Last Run
-------------------------  -----  ---------  --------  ----------  --------------  -------------------
/opt/airflow/dags/test.py                           0           1  0.08s           2024-03-10T05:00:58
================================================================================
[2024-03-10T05:01:31.818+0000] {manager.py:879} INFO - 
================================================================================
DAG File Processing Stats

File Path                  PID    Runtime      # DAGs    # Errors  Last Runtime    Last Run
-------------------------  -----  ---------  --------  ----------  --------------  -------------------
/opt/airflow/dags/test.py                           0           1  0.11s           2024-03-10T05:01:16
================================================================================
[2024-03-10T05:02:02.061+0000] {manager.py:879} INFO - 
================================================================================
DAG File Processing Stats

File Path                  PID    Runtime      # DAGs    # Errors  Last Runtime    Last Run
-------------------------  -----  ---------  --------  ----------  --------------  -------------------
/opt/airflow/dags/test.py                           1           0  0.21s           2024-03-10T05:01:33
================================================================================
[2024-03-10T05:02:32.378+0000] {manager.py:879} INFO - 
================================================================================
DAG File Processing Stats

File Path                  PID    Runtime      # DAGs    # Errors  Last Runtime    Last Run
-------------------------  -----  ---------  --------  ----------  --------------  -------------------
/opt/airflow/dags/test.py                           1           0  0.16s           2024-03-10T05:02:03
================================================================================
[2024-03-10T05:03:02.541+0000] {manager.py:879} INFO - 
================================================================================
DAG File Processing Stats

File Path                  PID    Runtime      # DAGs    # Errors  Last Runtime    Last Run
-------------------------  -----  ---------  --------  ----------  --------------  -------------------
/opt/airflow/dags/test.py                           1           0  0.11s           2024-03-10T05:02:33
================================================================================
[2024-03-10T05:03:32.795+0000] {manager.py:879} INFO - 
================================================================================
DAG File Processing Stats

File Path                  PID    Runtime      # DAGs    # Errors  Last Runtime    Last Run
-------------------------  -----  ---------  --------  ----------  --------------  -------------------
/opt/airflow/dags/test.py                           1           0  0.12s           2024-03-10T05:03:03
================================================================================
[2024-03-10T05:04:03.092+0000] {manager.py:879} INFO - 
================================================================================
DAG File Processing Stats

File Path                  PID    Runtime      # DAGs    # Errors  Last Runtime    Last Run
-------------------------  -----  ---------  --------  ----------  --------------  -------------------
/opt/airflow/dags/test.py                           1           0  0.24s           2024-03-10T05:04:00
================================================================================
[2024-03-10T05:04:33.475+0000] {manager.py:879} INFO - 
================================================================================
DAG File Processing Stats

File Path                  PID    Runtime      # DAGs    # Errors  Last Runtime    Last Run
-------------------------  -----  ---------  --------  ----------  --------------  -------------------
/opt/airflow/dags/test.py                           1           0  0.12s           2024-03-10T05:04:30
================================================================================
[2024-03-10T05:05:03.730+0000] {manager.py:879} INFO - 
================================================================================
DAG File Processing Stats

File Path                  PID    Runtime      # DAGs    # Errors  Last Runtime    Last Run
-------------------------  -----  ---------  --------  ----------  --------------  -------------------
/opt/airflow/dags/test.py                           1           0  0.09s           2024-03-10T05:05:00
================================================================================
[2024-03-10T05:05:27.886+0000] {manager.py:738} INFO - Searching for files in /opt/airflow/dags
[2024-03-10T05:05:27.890+0000] {manager.py:741} INFO - There are 1 files in /opt/airflow/dags
[2024-03-10T05:05:33.957+0000] {manager.py:879} INFO - 
================================================================================
DAG File Processing Stats

File Path                  PID    Runtime      # DAGs    # Errors  Last Runtime    Last Run
-------------------------  -----  ---------  --------  ----------  --------------  -------------------
/opt/airflow/dags/test.py                           1           0  0.12s           2024-03-10T05:05:31
================================================================================
[2024-03-10T05:06:04.220+0000] {manager.py:879} INFO - 
================================================================================
DAG File Processing Stats

File Path                  PID    Runtime      # DAGs    # Errors  Last Runtime    Last Run
-------------------------  -----  ---------  --------  ----------  --------------  -------------------
/opt/airflow/dags/test.py                           1           0  0.10s           2024-03-10T05:06:01
================================================================================
[2024-03-10T05:06:34.414+0000] {manager.py:879} INFO - 
================================================================================
DAG File Processing Stats

File Path                  PID    Runtime      # DAGs    # Errors  Last Runtime    Last Run
-------------------------  -----  ---------  --------  ----------  --------------  -------------------
/opt/airflow/dags/test.py                           1           0  0.11s           2024-03-10T05:06:31
================================================================================
[2024-03-10T05:07:04.661+0000] {manager.py:879} INFO - 
================================================================================
DAG File Processing Stats

File Path                  PID    Runtime      # DAGs    # Errors  Last Runtime    Last Run
-------------------------  -----  ---------  --------  ----------  --------------  -------------------
/opt/airflow/dags/test.py                           1           0  0.09s           2024-03-10T05:07:01
================================================================================
[2024-03-10T05:07:34.872+0000] {manager.py:879} INFO - 
================================================================================
DAG File Processing Stats

File Path                  PID    Runtime      # DAGs    # Errors  Last Runtime    Last Run
-------------------------  -----  ---------  --------  ----------  --------------  -------------------
/opt/airflow/dags/test.py                           1           0  0.21s           2024-03-10T05:07:14
================================================================================
[2024-03-10T05:08:05.188+0000] {manager.py:879} INFO - 
================================================================================
DAG File Processing Stats

File Path                  PID    Runtime      # DAGs    # Errors  Last Runtime    Last Run
-------------------------  -----  ---------  --------  ----------  --------------  -------------------
/opt/airflow/dags/test.py                           1           0  0.13s           2024-03-10T05:07:57
================================================================================
[2024-03-10T05:08:35.401+0000] {manager.py:879} INFO - 
================================================================================
DAG File Processing Stats

File Path                  PID    Runtime      # DAGs    # Errors  Last Runtime    Last Run
-------------------------  -----  ---------  --------  ----------  --------------  -------------------
/opt/airflow/dags/test.py                           1           0  0.16s           2024-03-10T05:08:27
================================================================================
[2024-03-10T05:09:05.714+0000] {manager.py:879} INFO - 
================================================================================
DAG File Processing Stats

File Path                  PID    Runtime      # DAGs    # Errors  Last Runtime    Last Run
-------------------------  -----  ---------  --------  ----------  --------------  -------------------
/opt/airflow/dags/test.py                           1           0  0.13s           2024-03-10T05:08:57
================================================================================
[2024-03-10T05:09:35.943+0000] {manager.py:879} INFO - 
================================================================================
DAG File Processing Stats

File Path                  PID    Runtime      # DAGs    # Errors  Last Runtime    Last Run
-------------------------  -----  ---------  --------  ----------  --------------  -------------------
/opt/airflow/dags/test.py                           1           0  0.19s           2024-03-10T05:09:28
================================================================================
[2024-03-10T05:10:06.142+0000] {manager.py:879} INFO - 
================================================================================
DAG File Processing Stats

File Path                  PID    Runtime      # DAGs    # Errors  Last Runtime    Last Run
-------------------------  -----  ---------  --------  ----------  --------------  -------------------
/opt/airflow/dags/test.py                           1           0  0.09s           2024-03-10T05:09:58
================================================================================
[2024-03-10T05:10:28.279+0000] {manager.py:738} INFO - Searching for files in /opt/airflow/dags
[2024-03-10T05:10:28.284+0000] {manager.py:741} INFO - There are 1 files in /opt/airflow/dags
[2024-03-10T05:10:36.388+0000] {manager.py:879} INFO - 
================================================================================
DAG File Processing Stats

File Path                  PID    Runtime      # DAGs    # Errors  Last Runtime    Last Run
-------------------------  -----  ---------  --------  ----------  --------------  -------------------
/opt/airflow/dags/test.py                           1           0  0.11s           2024-03-10T05:10:28
================================================================================
[2024-03-10T05:11:06.630+0000] {manager.py:879} INFO - 
================================================================================
DAG File Processing Stats

File Path                  PID    Runtime      # DAGs    # Errors  Last Runtime    Last Run
-------------------------  -----  ---------  --------  ----------  --------------  -------------------
/opt/airflow/dags/test.py                           1           0  0.12s           2024-03-10T05:10:58
================================================================================
[2024-03-10T05:11:36.884+0000] {manager.py:879} INFO - 
================================================================================
DAG File Processing Stats

File Path                  PID    Runtime      # DAGs    # Errors  Last Runtime    Last Run
-------------------------  -----  ---------  --------  ----------  --------------  -------------------
/opt/airflow/dags/test.py                           1           0  0.14s           2024-03-10T05:11:28
================================================================================
[2024-03-10T05:12:07.113+0000] {manager.py:879} INFO - 
================================================================================
DAG File Processing Stats

File Path                  PID    Runtime      # DAGs    # Errors  Last Runtime    Last Run
-------------------------  -----  ---------  --------  ----------  --------------  -------------------
/opt/airflow/dags/test.py                           1           0  0.10s           2024-03-10T05:11:59
================================================================================
[2024-03-10T05:12:37.323+0000] {manager.py:879} INFO - 
================================================================================
DAG File Processing Stats

File Path                  PID    Runtime      # DAGs    # Errors  Last Runtime    Last Run
-------------------------  -----  ---------  --------  ----------  --------------  -------------------
/opt/airflow/dags/test.py                           1           0  0.19s           2024-03-10T05:12:29
================================================================================
[2024-03-10T05:13:07.667+0000] {manager.py:879} INFO - 
================================================================================
DAG File Processing Stats

File Path                  PID    Runtime      # DAGs    # Errors  Last Runtime    Last Run
-------------------------  -----  ---------  --------  ----------  --------------  -------------------
/opt/airflow/dags/test.py                           1           0  0.10s           2024-03-10T05:12:59
================================================================================
[2024-03-10T05:13:37.918+0000] {manager.py:879} INFO - 
================================================================================
DAG File Processing Stats

File Path                  PID    Runtime      # DAGs    # Errors  Last Runtime    Last Run
-------------------------  -----  ---------  --------  ----------  --------------  -------------------
/opt/airflow/dags/test.py                           1           0  0.18s           2024-03-10T05:13:29
================================================================================
[2024-03-10T05:14:08.183+0000] {manager.py:879} INFO - 
================================================================================
DAG File Processing Stats

File Path                  PID    Runtime      # DAGs    # Errors  Last Runtime    Last Run
-------------------------  -----  ---------  --------  ----------  --------------  -------------------
/opt/airflow/dags/test.py                           1           0  0.11s           2024-03-10T05:14:00
================================================================================
[2024-03-10T05:14:38.449+0000] {manager.py:879} INFO - 
================================================================================
DAG File Processing Stats

File Path                  PID    Runtime      # DAGs    # Errors  Last Runtime    Last Run
-------------------------  -----  ---------  --------  ----------  --------------  -------------------
/opt/airflow/dags/test.py                           1           0  0.22s           2024-03-10T05:14:30
================================================================================
[2024-03-10T05:15:08.783+0000] {manager.py:879} INFO - 
================================================================================
DAG File Processing Stats

File Path                  PID    Runtime      # DAGs    # Errors  Last Runtime    Last Run
-------------------------  -----  ---------  --------  ----------  --------------  -------------------
/opt/airflow/dags/test.py                           1           0  0.16s           2024-03-10T05:15:02
================================================================================
[2024-03-10T05:15:28.917+0000] {manager.py:738} INFO - Searching for files in /opt/airflow/dags
[2024-03-10T05:15:28.923+0000] {manager.py:741} INFO - There are 1 files in /opt/airflow/dags
[2024-03-10T05:15:39.037+0000] {manager.py:879} INFO - 
================================================================================
DAG File Processing Stats

File Path                  PID    Runtime      # DAGs    # Errors  Last Runtime    Last Run
-------------------------  -----  ---------  --------  ----------  --------------  -------------------
/opt/airflow/dags/test.py                           1           0  0.18s           2024-03-10T05:15:33
================================================================================
[2024-03-10T05:16:09.360+0000] {manager.py:879} INFO - 
================================================================================
DAG File Processing Stats

File Path                  PID    Runtime      # DAGs    # Errors  Last Runtime    Last Run
-------------------------  -----  ---------  --------  ----------  --------------  -------------------
/opt/airflow/dags/test.py                           1           0  0.15s           2024-03-10T05:15:40
================================================================================
[2024-03-10T05:16:39.557+0000] {manager.py:879} INFO - 
================================================================================
DAG File Processing Stats

File Path                  PID    Runtime      # DAGs    # Errors  Last Runtime    Last Run
-------------------------  -----  ---------  --------  ----------  --------------  -------------------
/opt/airflow/dags/test.py                           1           0  0.13s           2024-03-10T05:16:10
================================================================================
[2024-03-10T05:17:09.863+0000] {manager.py:879} INFO - 
================================================================================
DAG File Processing Stats

File Path                  PID    Runtime      # DAGs    # Errors  Last Runtime    Last Run
-------------------------  -----  ---------  --------  ----------  --------------  -------------------
/opt/airflow/dags/test.py                           1           0  0.12s           2024-03-10T05:16:49
================================================================================
[2024-03-10T05:17:40.150+0000] {manager.py:879} INFO - 
================================================================================
DAG File Processing Stats

File Path                  PID    Runtime      # DAGs    # Errors  Last Runtime    Last Run
-------------------------  -----  ---------  --------  ----------  --------------  -------------------
/opt/airflow/dags/test.py                           1           0  0.19s           2024-03-10T05:17:20
================================================================================
[2024-03-10T05:18:10.411+0000] {manager.py:879} INFO - 
================================================================================
DAG File Processing Stats

File Path                  PID    Runtime      # DAGs    # Errors  Last Runtime    Last Run
-------------------------  -----  ---------  --------  ----------  --------------  -------------------
/opt/airflow/dags/test.py                           1           0  0.12s           2024-03-10T05:17:50
================================================================================
[2024-03-10T05:18:40.613+0000] {manager.py:879} INFO - 
================================================================================
DAG File Processing Stats

File Path                  PID    Runtime      # DAGs    # Errors  Last Runtime    Last Run
-------------------------  -----  ---------  --------  ----------  --------------  -------------------
/opt/airflow/dags/test.py                           1           0  0.12s           2024-03-10T05:18:20
================================================================================
[2024-03-10T05:19:10.881+0000] {manager.py:879} INFO - 
================================================================================
DAG File Processing Stats

File Path                  PID    Runtime      # DAGs    # Errors  Last Runtime    Last Run
-------------------------  -----  ---------  --------  ----------  --------------  -------------------
/opt/airflow/dags/test.py                           1           0  0.17s           2024-03-10T05:18:50
================================================================================
[2024-03-10T05:19:41.163+0000] {manager.py:879} INFO - 
================================================================================
DAG File Processing Stats

File Path                  PID    Runtime      # DAGs    # Errors  Last Runtime    Last Run
-------------------------  -----  ---------  --------  ----------  --------------  -------------------
/opt/airflow/dags/test.py                           1           0  0.12s           2024-03-10T05:19:21
================================================================================
[2024-03-10T05:20:11.363+0000] {manager.py:879} INFO - 
================================================================================
DAG File Processing Stats

File Path                  PID    Runtime      # DAGs    # Errors  Last Runtime    Last Run
-------------------------  -----  ---------  --------  ----------  --------------  -------------------
/opt/airflow/dags/test.py                           1           0  0.12s           2024-03-10T05:19:51
================================================================================
[2024-03-10T05:20:29.547+0000] {manager.py:738} INFO - Searching for files in /opt/airflow/dags
[2024-03-10T05:20:29.553+0000] {manager.py:741} INFO - There are 1 files in /opt/airflow/dags
[2024-03-10T05:20:41.653+0000] {manager.py:879} INFO - 
================================================================================
DAG File Processing Stats

File Path                  PID    Runtime      # DAGs    # Errors  Last Runtime    Last Run
-------------------------  -----  ---------  --------  ----------  --------------  -------------------
/opt/airflow/dags/test.py                           1           0  0.13s           2024-03-10T05:20:21
================================================================================
[2024-03-10T05:21:11.797+0000] {manager.py:879} INFO - 
================================================================================
DAG File Processing Stats

File Path                  PID    Runtime      # DAGs    # Errors  Last Runtime    Last Run
-------------------------  -----  ---------  --------  ----------  --------------  -------------------
/opt/airflow/dags/test.py                           1           0  0.25s           2024-03-10T05:20:51
================================================================================
[2024-03-10T05:21:42.225+0000] {manager.py:879} INFO - 
================================================================================
DAG File Processing Stats

File Path                  PID    Runtime      # DAGs    # Errors  Last Runtime    Last Run
-------------------------  -----  ---------  --------  ----------  --------------  -------------------
/opt/airflow/dags/test.py                           1           0  0.15s           2024-03-10T05:21:22
================================================================================
[2024-03-10T05:22:12.517+0000] {manager.py:879} INFO - 
================================================================================
DAG File Processing Stats

File Path                  PID    Runtime      # DAGs    # Errors  Last Runtime    Last Run
-------------------------  -----  ---------  --------  ----------  --------------  -------------------
/opt/airflow/dags/test.py                           1           0  0.17s           2024-03-10T05:21:52
================================================================================
[2024-03-10T05:22:42.761+0000] {manager.py:879} INFO - 
================================================================================
DAG File Processing Stats

File Path                  PID    Runtime      # DAGs    # Errors  Last Runtime    Last Run
-------------------------  -----  ---------  --------  ----------  --------------  -------------------
/opt/airflow/dags/test.py                           1           0  0.13s           2024-03-10T05:22:22
================================================================================
[2024-03-10T05:23:13.026+0000] {manager.py:879} INFO - 
================================================================================
DAG File Processing Stats

File Path                  PID    Runtime      # DAGs    # Errors  Last Runtime    Last Run
-------------------------  -----  ---------  --------  ----------  --------------  -------------------
/opt/airflow/dags/test.py                           1           0  0.16s           2024-03-10T05:22:52
================================================================================
[2024-03-10T05:23:43.314+0000] {manager.py:879} INFO - 
================================================================================
DAG File Processing Stats

File Path                  PID    Runtime      # DAGs    # Errors  Last Runtime    Last Run
-------------------------  -----  ---------  --------  ----------  --------------  -------------------
/opt/airflow/dags/test.py                           1           0  0.13s           2024-03-10T05:23:23
================================================================================
[2024-03-10T05:24:01.683+0000] {manager.py:451} INFO - Exiting gracefully upon receiving signal 15
[2024-03-10T05:25:05.774+0000] {manager.py:469} INFO - Processing files using up to 2 processes at a time 
[2024-03-10T05:25:05.781+0000] {manager.py:470} INFO - Process each file at most once every 30 seconds
[2024-03-10T05:25:05.782+0000] {manager.py:471} INFO - Checking for new files in /opt/airflow/dags every 300 seconds
[2024-03-10T05:25:05.782+0000] {manager.py:738} INFO - Searching for files in /opt/airflow/dags
[2024-03-10T05:25:05.784+0000] {manager.py:741} INFO - There are 1 files in /opt/airflow/dags
[2024-03-10T05:25:05.960+0000] {manager.py:879} INFO - 
================================================================================
DAG File Processing Stats

File Path                    PID  Runtime      # DAGs    # Errors  Last Runtime    Last Run
-------------------------  -----  ---------  --------  ----------  --------------  ----------
/opt/airflow/dags/test.py     35  0.04s             0           0
================================================================================
[2024-03-10T05:25:36.112+0000] {manager.py:879} INFO - 
================================================================================
DAG File Processing Stats

File Path                  PID    Runtime      # DAGs    # Errors  Last Runtime    Last Run
-------------------------  -----  ---------  --------  ----------  --------------  -------------------
/opt/airflow/dags/test.py                           1           0  0.36s           2024-03-10T05:25:06
================================================================================
[2024-03-10T05:26:06.636+0000] {manager.py:879} INFO - 
================================================================================
DAG File Processing Stats

File Path                    PID  Runtime      # DAGs    # Errors  Last Runtime    Last Run
-------------------------  -----  ---------  --------  ----------  --------------  -------------------
/opt/airflow/dags/test.py     50  0.00s             1           0  0.19s           2024-03-10T05:25:36
================================================================================
[2024-03-10T05:26:36.847+0000] {manager.py:879} INFO - 
================================================================================
DAG File Processing Stats

File Path                    PID  Runtime      # DAGs    # Errors  Last Runtime    Last Run
-------------------------  -----  ---------  --------  ----------  --------------  -------------------
/opt/airflow/dags/test.py     57  0.01s             1           0  0.15s           2024-03-10T05:26:06
================================================================================
[2024-03-10T05:27:07.147+0000] {manager.py:879} INFO - 
================================================================================
DAG File Processing Stats

File Path                    PID  Runtime      # DAGs    # Errors  Last Runtime    Last Run
-------------------------  -----  ---------  --------  ----------  --------------  -------------------
/opt/airflow/dags/test.py     64  0.00s             1           0  0.15s           2024-03-10T05:26:36
================================================================================
[2024-03-10T05:27:37.344+0000] {manager.py:879} INFO - 
================================================================================
DAG File Processing Stats

File Path                    PID  Runtime      # DAGs    # Errors  Last Runtime    Last Run
-------------------------  -----  ---------  --------  ----------  --------------  -------------------
/opt/airflow/dags/test.py     71  0.00s             1           0  0.10s           2024-03-10T05:27:07
================================================================================
[2024-03-10T05:28:07.633+0000] {manager.py:879} INFO - 
================================================================================
DAG File Processing Stats

File Path                    PID  Runtime      # DAGs    # Errors  Last Runtime    Last Run
-------------------------  -----  ---------  --------  ----------  --------------  -------------------
/opt/airflow/dags/test.py     78  0.01s             1           0  0.10s           2024-03-10T05:27:37
================================================================================
[2024-03-10T05:28:37.857+0000] {manager.py:879} INFO - 
================================================================================
DAG File Processing Stats

File Path                    PID  Runtime      # DAGs    # Errors  Last Runtime    Last Run
-------------------------  -----  ---------  --------  ----------  --------------  -------------------
/opt/airflow/dags/test.py     85  0.01s             1           0  0.12s           2024-03-10T05:28:07
================================================================================
[2024-03-10T05:29:08.087+0000] {manager.py:879} INFO - 
================================================================================
DAG File Processing Stats

File Path                    PID  Runtime      # DAGs    # Errors  Last Runtime    Last Run
-------------------------  -----  ---------  --------  ----------  --------------  -------------------
/opt/airflow/dags/test.py     92  0.00s             1           0  0.13s           2024-03-10T05:28:37
================================================================================
[2024-03-10T05:29:38.282+0000] {manager.py:879} INFO - 
================================================================================
DAG File Processing Stats

File Path                    PID  Runtime      # DAGs    # Errors  Last Runtime    Last Run
-------------------------  -----  ---------  --------  ----------  --------------  -------------------
/opt/airflow/dags/test.py     99  0.00s             1           0  0.14s           2024-03-10T05:29:08
================================================================================
[2024-03-10T05:30:06.575+0000] {manager.py:738} INFO - Searching for files in /opt/airflow/dags
[2024-03-10T05:30:06.579+0000] {manager.py:741} INFO - There are 1 files in /opt/airflow/dags
[2024-03-10T05:30:08.627+0000] {manager.py:879} INFO - 
================================================================================
DAG File Processing Stats

File Path                    PID  Runtime      # DAGs    # Errors  Last Runtime    Last Run
-------------------------  -----  ---------  --------  ----------  --------------  -------------------
/opt/airflow/dags/test.py    106  0.00s             1           0  0.11s           2024-03-10T05:29:38
================================================================================
[2024-03-10T05:30:38.857+0000] {manager.py:879} INFO - 
================================================================================
DAG File Processing Stats

File Path                    PID  Runtime      # DAGs    # Errors  Last Runtime    Last Run
-------------------------  -----  ---------  --------  ----------  --------------  -------------------
/opt/airflow/dags/test.py    113  0.01s             1           0  0.16s           2024-03-10T05:30:08
================================================================================
[2024-03-10T05:31:09.163+0000] {manager.py:879} INFO - 
================================================================================
DAG File Processing Stats

File Path                    PID  Runtime      # DAGs    # Errors  Last Runtime    Last Run
-------------------------  -----  ---------  --------  ----------  --------------  -------------------
/opt/airflow/dags/test.py    120  0.01s             1           0  0.10s           2024-03-10T05:30:38
================================================================================
[2024-03-10T05:31:39.369+0000] {manager.py:879} INFO - 
================================================================================
DAG File Processing Stats

File Path                    PID  Runtime      # DAGs    # Errors  Last Runtime    Last Run
-------------------------  -----  ---------  --------  ----------  --------------  -------------------
/opt/airflow/dags/test.py    127  0.01s             1           0  0.10s           2024-03-10T05:31:09
================================================================================
[2024-03-10T05:32:09.606+0000] {manager.py:879} INFO - 
================================================================================
DAG File Processing Stats

File Path                    PID  Runtime      # DAGs    # Errors  Last Runtime    Last Run
-------------------------  -----  ---------  --------  ----------  --------------  -------------------
/opt/airflow/dags/test.py    134  0.01s             1           0  0.10s           2024-03-10T05:31:39
================================================================================
[2024-03-10T05:32:39.802+0000] {manager.py:879} INFO - 
================================================================================
DAG File Processing Stats

File Path                    PID  Runtime      # DAGs    # Errors  Last Runtime    Last Run
-------------------------  -----  ---------  --------  ----------  --------------  -------------------
/opt/airflow/dags/test.py    141  0.01s             1           0  0.13s           2024-03-10T05:32:09
================================================================================
[2024-03-10T05:33:10.052+0000] {manager.py:879} INFO - 
================================================================================
DAG File Processing Stats

File Path                    PID  Runtime      # DAGs    # Errors  Last Runtime    Last Run
-------------------------  -----  ---------  --------  ----------  --------------  -------------------
/opt/airflow/dags/test.py    148  0.01s             1           0  0.12s           2024-03-10T05:32:39
================================================================================
[2024-03-10T05:33:40.318+0000] {manager.py:879} INFO - 
================================================================================
DAG File Processing Stats

File Path                    PID  Runtime      # DAGs    # Errors  Last Runtime    Last Run
-------------------------  -----  ---------  --------  ----------  --------------  -------------------
/opt/airflow/dags/test.py    155  0.01s             1           0  0.11s           2024-03-10T05:33:10
================================================================================
[2024-03-10T05:34:10.563+0000] {manager.py:879} INFO - 
================================================================================
DAG File Processing Stats

File Path                    PID  Runtime      # DAGs    # Errors  Last Runtime    Last Run
-------------------------  -----  ---------  --------  ----------  --------------  -------------------
/opt/airflow/dags/test.py    162  0.01s             1           0  0.10s           2024-03-10T05:33:40
================================================================================
[2024-03-10T05:34:40.803+0000] {manager.py:879} INFO - 
================================================================================
DAG File Processing Stats

File Path                    PID  Runtime      # DAGs    # Errors  Last Runtime    Last Run
-------------------------  -----  ---------  --------  ----------  --------------  -------------------
/opt/airflow/dags/test.py    169  0.01s             1           0  0.14s           2024-03-10T05:34:10
================================================================================
[2024-03-10T05:35:07.014+0000] {manager.py:738} INFO - Searching for files in /opt/airflow/dags
[2024-03-10T05:35:07.021+0000] {manager.py:741} INFO - There are 1 files in /opt/airflow/dags
[2024-03-10T05:35:11.113+0000] {manager.py:879} INFO - 
================================================================================
DAG File Processing Stats

File Path                    PID  Runtime      # DAGs    # Errors  Last Runtime    Last Run
-------------------------  -----  ---------  --------  ----------  --------------  -------------------
/opt/airflow/dags/test.py    177  0.01s             1           0  0.14s           2024-03-10T05:34:40
================================================================================
[2024-03-10T05:35:41.376+0000] {manager.py:879} INFO - 
================================================================================
DAG File Processing Stats

File Path                    PID  Runtime      # DAGs    # Errors  Last Runtime    Last Run
-------------------------  -----  ---------  --------  ----------  --------------  -------------------
/opt/airflow/dags/test.py    185  0.01s             1           0  0.19s           2024-03-10T05:35:11
================================================================================
[2024-03-10T05:36:11.718+0000] {manager.py:879} INFO - 
================================================================================
DAG File Processing Stats

File Path                    PID  Runtime      # DAGs    # Errors  Last Runtime    Last Run
-------------------------  -----  ---------  --------  ----------  --------------  -------------------
/opt/airflow/dags/test.py    192  0.00s             1           0  0.18s           2024-03-10T05:35:41
================================================================================
[2024-03-10T05:36:27.180+0000] {manager.py:451} INFO - Exiting gracefully upon receiving signal 15
