[2024-03-10T05:28:59.772+0000] {taskinstance.py:1979} INFO - Dependencies all met for dep_context=non-requeueable deps ti=<TaskInstance: podcast_summary.create_db manual__2024-03-10T05:28:58.214678+00:00 [queued]>
[2024-03-10T05:28:59.779+0000] {taskinstance.py:1979} INFO - Dependencies all met for dep_context=requeueable deps ti=<TaskInstance: podcast_summary.create_db manual__2024-03-10T05:28:58.214678+00:00 [queued]>
[2024-03-10T05:28:59.779+0000] {taskinstance.py:2193} INFO - Starting attempt 1 of 1
[2024-03-10T05:28:59.797+0000] {taskinstance.py:2214} INFO - Executing <Task(SqliteOperator): create_db> on 2024-03-10 05:28:58.214678+00:00
[2024-03-10T05:28:59.801+0000] {standard_task_runner.py:60} INFO - Started process 109 to run task
[2024-03-10T05:28:59.805+0000] {standard_task_runner.py:87} INFO - Running: ['***', 'tasks', 'run', 'podcast_summary', 'create_db', 'manual__2024-03-10T05:28:58.214678+00:00', '--job-id', '19', '--raw', '--subdir', 'DAGS_FOLDER/test.py', '--cfg-path', '/tmp/tmpzvv83q2q']
[2024-03-10T05:28:59.806+0000] {standard_task_runner.py:88} INFO - Job 19: Subtask create_db
[2024-03-10T05:28:59.853+0000] {task_command.py:423} INFO - Running <TaskInstance: podcast_summary.create_db manual__2024-03-10T05:28:58.214678+00:00 [running]> on host 74c9486ecb9a
[2024-03-10T05:28:59.940+0000] {taskinstance.py:2510} INFO - Exporting env vars: AIRFLOW_CTX_DAG_OWNER='***' AIRFLOW_CTX_DAG_ID='podcast_summary' AIRFLOW_CTX_TASK_ID='create_db' AIRFLOW_CTX_EXECUTION_DATE='2024-03-10T05:28:58.214678+00:00' AIRFLOW_CTX_TRY_NUMBER='1' AIRFLOW_CTX_DAG_RUN_ID='manual__2024-03-10T05:28:58.214678+00:00'
[2024-03-10T05:28:59.940+0000] {sql.py:276} INFO - Executing: 
            CREATE TABLE IF NOT EXISTS episodes (
                link TEXT primary key,
                title TEXT,
                filename TEXT,
                published TEXT,
                description TEXT
            )
        
[2024-03-10T05:28:59.947+0000] {base.py:83} INFO - Using connection ID 'podcasts' for task execution.
[2024-03-10T05:28:59.957+0000] {base.py:83} INFO - Using connection ID 'podcasts' for task execution.
[2024-03-10T05:28:59.958+0000] {sql.py:457} INFO - Running statement: 
            CREATE TABLE IF NOT EXISTS episodes (
                link TEXT primary key,
                title TEXT,
                filename TEXT,
                published TEXT,
                description TEXT
            )
        , parameters: None
[2024-03-10T05:28:59.959+0000] {warnings.py:109} WARNING - /home/***/.local/lib/python3.8/site-packages/***/providers/common/sql/hooks/sql.py:407: AirflowProviderDeprecationWarning: Call to deprecated method _make_common_data_structure. (The `_make_serializable` method is deprecated and support will be removed in a future version of the common.sql provider. Please update the DbApiHook's provider to a version based on common.sql >= 1.9.1.)
  result = self._make_common_data_structure(handler(cur))

[2024-03-10T05:28:59.966+0000] {taskinstance.py:1149} INFO - Marking task as SUCCESS. dag_id=podcast_summary, task_id=create_db, execution_date=20240310T052858, start_date=20240310T052859, end_date=20240310T052859
[2024-03-10T05:29:00.017+0000] {local_task_job_runner.py:234} INFO - Task exited with return code 0
[2024-03-10T05:29:00.033+0000] {warnings.py:109} WARNING - /home/***/.local/lib/python3.8/site-packages/***/models/baseoperator.py:1201: AirflowProviderDeprecationWarning: Call to deprecated class SqliteOperator. (Please use `***.providers.common.sql.operators.sql.SQLExecuteQueryOperator`.)
  result = cls.__new__(cls)

[2024-03-10T05:29:00.049+0000] {taskinstance.py:3309} INFO - 1 downstream tasks scheduled from follow-on schedule check
